
array (
  0 => 
  array (
    'st_id' => '1',
    'st_name' => 'Wakau',
  ),
  1 => 
  array (
    'st_id' => '2',
    'st_name' => 'Jet',
  ),
  2 => 
  array (
    'st_id' => '3',
    'st_name' => 'My Daily store',
  ),
  3 => 
  array (
    'st_id' => '4',
    'st_name' => 'comedyclub_UAE',
  ),
  4 => 
  array (
    'st_id' => '5',
    'st_name' => 'studioxhotties_za',
  ),
  5 => 
  array (
    'st_id' => '6',
    'st_name' => 'droid',
  ),
  6 => 
  array (
    'st_id' => '7',
    'st_name' => 'Comedyclub_eg',
  ),
  7 => 
  array (
    'st_id' => '8',
    'st_name' => 'Comedyclub_QAR',
  ),
  8 => 
  array (
    'st_id' => '9',
    'st_name' => 'studiox_th',
  ),
  9 => 
  array (
    'st_id' => '10',
    'st_name' => 'studiox.',
  ),
  10 => 
  array (
    'st_id' => '11',
    'st_name' => 'THE LOL CLUB',
  ),
  11 => 
  array (
    'st_id' => '12',
    'st_name' => 'Muzibo',
  ),
  12 => 
  array (
    'st_id' => '13',
    'st_name' => 'Test123',
  ),
  13 => 
  array (
    'st_id' => '14',
    'st_name' => 'test1234',
  ),
  14 => 
  array (
    'st_id' => '15',
    'st_name' => 'test12345',
  ),
  15 => 
  array (
    'st_id' => '16',
    'st_name' => 'jet221',
  ),
  16 => 
  array (
    'st_id' => '17',
    'st_name' => 'jet5',
  ),
  17 => 
  array (
    'st_id' => '18',
    'st_name' => 'jet55',
  ),
  18 => 
  array (
    'st_id' => '19',
    'st_name' => 'jet551',
  ),
  19 => 
  array (
    'st_id' => '21',
    'st_name' => 'jet2111',
  ),
  20 => 
  array (
    'st_id' => '23',
    'st_name' => 'New',
  ),
  21 => 
  array (
    'st_id' => '24',
    'st_name' => 'JHAKF BASFJHGFSAHJ GSKFHS FKSAHGSJsFSGAJFSGAG FSAF',
  ),
  22 => 
  array (
    'st_id' => '25',
    'st_name' => 'sKF BASFJHGFSAHJ GSKFHS FKSAHGSJsFSGAJFSGAG FSAF',
  ),
  23 => 
  array (
    'st_id' => '26',
    'st_name' => 'jet111sdad',
  ),
  24 => 
  array (
    'st_id' => '27',
    'st_name' => 'jet1saa',
  ),
  25 => 
  array (
    'st_id' => '28',
    'st_name' => 'jet111asdasd',
  ),
  26 => 
  array (
    'st_id' => '29',
    'st_name' => 'jetsadnj',
  ),
)
array (
  0 => 
  array (
    'st_id' => '1',
    'st_name' => 'Wakau',
  ),
  1 => 
  array (
    'st_id' => '2',
    'st_name' => 'Jet',
  ),
  2 => 
  array (
    'st_id' => '3',
    'st_name' => 'My Daily store',
  ),
  3 => 
  array (
    'st_id' => '4',
    'st_name' => 'comedyclub_UAE',
  ),
  4 => 
  array (
    'st_id' => '5',
    'st_name' => 'studioxhotties_za',
  ),
  5 => 
  array (
    'st_id' => '6',
    'st_name' => 'droid',
  ),
  6 => 
  array (
    'st_id' => '7',
    'st_name' => 'Comedyclub_eg',
  ),
  7 => 
  array (
    'st_id' => '8',
    'st_name' => 'Comedyclub_QAR',
  ),
  8 => 
  array (
    'st_id' => '9',
    'st_name' => 'studiox_th',
  ),
  9 => 
  array (
    'st_id' => '10',
    'st_name' => 'studiox.',
  ),
  10 => 
  array (
    'st_id' => '11',
    'st_name' => 'THE LOL CLUB',
  ),
  11 => 
  array (
    'st_id' => '12',
    'st_name' => 'Muzibo',
  ),
  12 => 
  array (
    'st_id' => '13',
    'st_name' => 'Test123',
  ),
  13 => 
  array (
    'st_id' => '14',
    'st_name' => 'test1234',
  ),
  14 => 
  array (
    'st_id' => '15',
    'st_name' => 'test12345',
  ),
  15 => 
  array (
    'st_id' => '16',
    'st_name' => 'jet221',
  ),
  16 => 
  array (
    'st_id' => '17',
    'st_name' => 'jet5',
  ),
  17 => 
  array (
    'st_id' => '18',
    'st_name' => 'jet55',
  ),
  18 => 
  array (
    'st_id' => '19',
    'st_name' => 'jet551',
  ),
  19 => 
  array (
    'st_id' => '21',
    'st_name' => 'jet2111',
  ),
  20 => 
  array (
    'st_id' => '23',
    'st_name' => 'New',
  ),
  21 => 
  array (
    'st_id' => '24',
    'st_name' => 'JHAKF BASFJHGFSAHJ GSKFHS FKSAHGSJsFSGAJFSGAG FSAF',
  ),
  22 => 
  array (
    'st_id' => '25',
    'st_name' => 'sKF BASFJHGFSAHJ GSKFHS FKSAHGSJsFSGAJFSGAG FSAF',
  ),
  23 => 
  array (
    'st_id' => '26',
    'st_name' => 'jet111sdad',
  ),
  24 => 
  array (
    'st_id' => '27',
    'st_name' => 'jet1saa',
  ),
  25 => 
  array (
    'st_id' => '28',
    'st_name' => 'jet111asdasd',
  ),
  26 => 
  array (
    'st_id' => '29',
    'st_name' => 'jetsadnj',
  ),
)
array (
  0 => 
  array (
    'st_id' => '1',
    'st_name' => 'Wakau',
  ),
  1 => 
  array (
    'st_id' => '2',
    'st_name' => 'Jet',
  ),
  2 => 
  array (
    'st_id' => '3',
    'st_name' => 'My Daily store',
  ),
  3 => 
  array (
    'st_id' => '4',
    'st_name' => 'comedyclub_UAE',
  ),
  4 => 
  array (
    'st_id' => '5',
    'st_name' => 'studioxhotties_za',
  ),
  5 => 
  array (
    'st_id' => '6',
    'st_name' => 'droid',
  ),
  6 => 
  array (
    'st_id' => '7',
    'st_name' => 'Comedyclub_eg',
  ),
  7 => 
  array (
    'st_id' => '8',
    'st_name' => 'Comedyclub_QAR',
  ),
  8 => 
  array (
    'st_id' => '9',
    'st_name' => 'studiox_th',
  ),
  9 => 
  array (
    'st_id' => '10',
    'st_name' => 'studiox.',
  ),
  10 => 
  array (
    'st_id' => '11',
    'st_name' => 'THE LOL CLUB',
  ),
  11 => 
  array (
    'st_id' => '12',
    'st_name' => 'Muzibo',
  ),
  12 => 
  array (
    'st_id' => '13',
    'st_name' => 'Test123',
  ),
  13 => 
  array (
    'st_id' => '14',
    'st_name' => 'test1234',
  ),
  14 => 
  array (
    'st_id' => '15',
    'st_name' => 'test12345',
  ),
  15 => 
  array (
    'st_id' => '16',
    'st_name' => 'jet221',
  ),
  16 => 
  array (
    'st_id' => '17',
    'st_name' => 'jet5',
  ),
  17 => 
  array (
    'st_id' => '18',
    'st_name' => 'jet55',
  ),
  18 => 
  array (
    'st_id' => '19',
    'st_name' => 'jet551',
  ),
  19 => 
  array (
    'st_id' => '21',
    'st_name' => 'jet2111',
  ),
  20 => 
  array (
    'st_id' => '23',
    'st_name' => 'New',
  ),
  21 => 
  array (
    'st_id' => '24',
    'st_name' => 'JHAKF BASFJHGFSAHJ GSKFHS FKSAHGSJsFSGAJFSGAG FSAF',
  ),
  22 => 
  array (
    'st_id' => '25',
    'st_name' => 'sKF BASFJHGFSAHJ GSKFHS FKSAHGSJsFSGAJFSGAG FSAF',
  ),
  23 => 
  array (
    'st_id' => '26',
    'st_name' => 'jet111sdad',
  ),
  24 => 
  array (
    'st_id' => '27',
    'st_name' => 'jet1saa',
  ),
  25 => 
  array (
    'st_id' => '28',
    'st_name' => 'jet111asdasd',
  ),
  26 => 
  array (
    'st_id' => '29',
    'st_name' => 'jetsadnj',
  ),
)
array (
  0 => 
  array (
    'st_id' => '1',
    'st_name' => 'Wakau',
  ),
  1 => 
  array (
    'st_id' => '2',
    'st_name' => 'Jet',
  ),
  2 => 
  array (
    'st_id' => '3',
    'st_name' => 'My Daily store',
  ),
  3 => 
  array (
    'st_id' => '4',
    'st_name' => 'comedyclub_UAE',
  ),
  4 => 
  array (
    'st_id' => '5',
    'st_name' => 'studioxhotties_za',
  ),
  5 => 
  array (
    'st_id' => '6',
    'st_name' => 'droid',
  ),
  6 => 
  array (
    'st_id' => '7',
    'st_name' => 'Comedyclub_eg',
  ),
  7 => 
  array (
    'st_id' => '8',
    'st_name' => 'Comedyclub_QAR',
  ),
  8 => 
  array (
    'st_id' => '9',
    'st_name' => 'studiox_th',
  ),
  9 => 
  array (
    'st_id' => '10',
    'st_name' => 'studiox.',
  ),
  10 => 
  array (
    'st_id' => '11',
    'st_name' => 'THE LOL CLUB',
  ),
  11 => 
  array (
    'st_id' => '12',
    'st_name' => 'Muzibo',
  ),
  12 => 
  array (
    'st_id' => '13',
    'st_name' => 'Test123',
  ),
  13 => 
  array (
    'st_id' => '14',
    'st_name' => 'test1234',
  ),
  14 => 
  array (
    'st_id' => '15',
    'st_name' => 'test12345',
  ),
  15 => 
  array (
    'st_id' => '16',
    'st_name' => 'jet221',
  ),
  16 => 
  array (
    'st_id' => '17',
    'st_name' => 'jet5',
  ),
  17 => 
  array (
    'st_id' => '18',
    'st_name' => 'jet55',
  ),
  18 => 
  array (
    'st_id' => '19',
    'st_name' => 'jet551',
  ),
  19 => 
  array (
    'st_id' => '21',
    'st_name' => 'jet2111',
  ),
  20 => 
  array (
    'st_id' => '23',
    'st_name' => 'New',
  ),
  21 => 
  array (
    'st_id' => '24',
    'st_name' => 'JHAKF BASFJHGFSAHJ GSKFHS FKSAHGSJsFSGAJFSGAG FSAF',
  ),
  22 => 
  array (
    'st_id' => '25',
    'st_name' => 'sKF BASFJHGFSAHJ GSKFHS FKSAHGSJsFSGAJFSGAG FSAF',
  ),
  23 => 
  array (
    'st_id' => '26',
    'st_name' => 'jet111sdad',
  ),
  24 => 
  array (
    'st_id' => '27',
    'st_name' => 'jet1saa',
  ),
  25 => 
  array (
    'st_id' => '28',
    'st_name' => 'jet111asdasd',
  ),
  26 => 
  array (
    'st_id' => '29',
    'st_name' => 'jetsadnj',
  ),
)