2016-06-02 10:34:41 - INFO  --> UserController:LoginCheck#{"login_session_id":"nqb6a7m8bj5qr46u738vjjldo3","status":"success","class":"success","status_code":"200","msg":" User Logging in.."} 
2016-06-02 10:34:41 - INFO  --> UserController:LoginCheck#{"login_session_id":"nqb6a7m8bj5qr46u738vjjldo3","status":"success","class":"success","status_code":"200","msg":"User Logging in.."} 
2016-06-02 10:34:42 - INFO  --> ClientController:getClients#{"status":"success","status_code":"200","msg":"Clients retrieved successfully!"} 
2016-06-02 10:34:47 - INFO  --> UserController:LoginCheck#{"login_session_id":"nqb6a7m8bj5qr46u738vjjldo3","status":"success","class":"success","status_code":"200","msg":"User Logging in.."} 
2016-06-02 10:34:47 - INFO  --> BannerController:getPublishBanners#{"status":"success","status_code":"200","msg":"Published Banners retrieved successfully!"} 
2016-06-02 10:42:00 - INFO  --> UserController:LoginCheck#{"login_session_id":"nqb6a7m8bj5qr46u738vjjldo3","status":"success","class":"success","status_code":"200","msg":"User Logging in.."} 
2016-06-02 10:42:01 - INFO  --> BannerController:getPublishBanners#{"status":"success","status_code":"200","msg":"Published Banners retrieved successfully!"} 
2016-06-02 10:49:31 - INFO  --> UserController:LoginCheck#{"login_session_id":"nqb6a7m8bj5qr46u738vjjldo3","status":"success","class":"success","status_code":"200","msg":"User Logging in.."} 
2016-06-02 10:49:32 - INFO  --> BannerController:getPublishBanners#{"status":"success","status_code":"200","msg":"Published Banners retrieved successfully!"} 
2016-06-02 10:51:43 - INFO  --> UserController:LoginCheck#{"login_session_id":"nqb6a7m8bj5qr46u738vjjldo3","status":"success","class":"success","status_code":"200","msg":"User Logging in.."} 
2016-06-02 10:51:44 - INFO  --> BannerController:getPublishBanners#{"status":"success","status_code":"200","msg":"Published Banners retrieved successfully!"} 
2016-06-02 10:53:01 - INFO  --> UserController:LoginCheck#{"login_session_id":"nqb6a7m8bj5qr46u738vjjldo3","status":"success","class":"success","status_code":"200","msg":"User Logging in.."} 
2016-06-02 10:53:01 - INFO  --> BannerController:getPublishBanners#{"status":"success","status_code":"200","msg":"Published Banners retrieved successfully!"} 
2016-06-02 10:56:49 - INFO  --> UserController:LoginCheck#{"login_session_id":"nqb6a7m8bj5qr46u738vjjldo3","status":"success","class":"success","status_code":"200","msg":"User Logging in.."} 
2016-06-02 10:56:49 - INFO  --> BannerController:getPublishBanners#{"status":"success","status_code":"200","msg":"Published Banners retrieved successfully!"} 
2016-06-02 10:57:53 - INFO  --> UserController:LoginCheck#{"login_session_id":"nqb6a7m8bj5qr46u738vjjldo3","status":"success","class":"success","status_code":"200","msg":"User Logging in.."} 
2016-06-02 10:57:54 - INFO  --> BannerController:getPublishBanners#{"status":"success","status_code":"200","msg":"Published Banners retrieved successfully!"} 
2016-06-02 11:00:21 - INFO  --> UserController:LoginCheck#{"login_session_id":"nqb6a7m8bj5qr46u738vjjldo3","status":"success","class":"success","status_code":"200","msg":"User Logging in.."} 
2016-06-02 11:00:21 - INFO  --> BannerController:getPublishBanners#{"status":"success","status_code":"200","msg":"Published Banners retrieved successfully!"} 
2016-06-02 11:04:04 - INFO  --> UserController:LoginCheck#{"login_session_id":"nqb6a7m8bj5qr46u738vjjldo3","status":"success","class":"success","status_code":"200","msg":"User Logging in.."} 
2016-06-02 11:04:04 - INFO  --> BannerController:getPublishBanners#{"status":"success","status_code":"200","msg":"Published Banners retrieved successfully!"} 
2016-06-02 11:04:58 - INFO  --> UserController:LoginCheck#{"login_session_id":"nqb6a7m8bj5qr46u738vjjldo3","status":"success","class":"success","status_code":"200","msg":"User Logging in.."} 
2016-06-02 11:04:59 - INFO  --> BannerController:getPublishBanners#{"status":"success","status_code":"200","msg":"Published Banners retrieved successfully!"} 
2016-06-02 11:06:03 - INFO  --> UserController:LoginCheck#{"login_session_id":"nqb6a7m8bj5qr46u738vjjldo3","status":"success","class":"success","status_code":"200","msg":"User Logging in.."} 
2016-06-02 11:06:04 - INFO  --> BannerController:getPublishBanners#{"status":"success","status_code":"200","msg":"Published Banners retrieved successfully!"} 
2016-06-02 11:08:17 - INFO  --> UserController:LoginCheck#{"login_session_id":"nqb6a7m8bj5qr46u738vjjldo3","status":"success","class":"success","status_code":"200","msg":"User Logging in.."} 
2016-06-02 11:08:18 - INFO  --> BannerController:getPublishBanners#{"status":"success","status_code":"200","msg":"Published Banners retrieved successfully!"} 
2016-06-02 11:09:27 - INFO  --> UserController:LoginCheck#{"login_session_id":"nqb6a7m8bj5qr46u738vjjldo3","status":"success","class":"success","status_code":"200","msg":"User Logging in.."} 
2016-06-02 11:09:27 - INFO  --> BannerController:getPublishBanners#{"status":"success","status_code":"200","msg":"Published Banners retrieved successfully!"} 
2016-06-02 11:10:05 - INFO  --> UserController:LoginCheck#{"login_session_id":"nqb6a7m8bj5qr46u738vjjldo3","status":"success","class":"success","status_code":"200","msg":"User Logging in.."} 
2016-06-02 11:10:06 - INFO  --> BannerController:getPublishBanners#{"status":"success","status_code":"200","msg":"Published Banners retrieved successfully!"} 
2016-06-02 11:11:04 - INFO  --> UserController:LoginCheck#{"login_session_id":"nqb6a7m8bj5qr46u738vjjldo3","status":"success","class":"success","status_code":"200","msg":"User Logging in.."} 
2016-06-02 11:11:04 - INFO  --> BannerController:getPublishBanners#{"status":"success","status_code":"200","msg":"Published Banners retrieved successfully!"} 
2016-06-02 11:22:01 - INFO  --> UserController:LoginCheck#{"login_session_id":"nqb6a7m8bj5qr46u738vjjldo3","status":"success","class":"success","status_code":"200","msg":"User Logging in.."} 
2016-06-02 11:22:02 - INFO  --> BannerController:getPublishBanners#{"status":"success","status_code":"200","msg":"Published Banners retrieved successfully!"} 
2016-06-02 11:25:07 - INFO  --> UserController:LoginCheck#{"login_session_id":"nqb6a7m8bj5qr46u738vjjldo3","status":"success","class":"success","status_code":"200","msg":"User Logging in.."} 
2016-06-02 11:25:07 - INFO  --> BannerController:getPublishBanners#{"status":"success","status_code":"200","msg":"Published Banners retrieved successfully!"} 
2016-06-02 11:39:46 - INFO  --> UserController:LoginCheck#{"login_session_id":"nqb6a7m8bj5qr46u738vjjldo3","status":"success","class":"success","status_code":"200","msg":"User Logging in.."} 
2016-06-02 11:39:47 - INFO  --> BannerController:getPublishBanners#{"status":"success","status_code":"200","msg":"Published Banners retrieved successfully!"} 
2016-06-02 11:41:22 - INFO  --> UserController:LoginCheck#{"login_session_id":"nqb6a7m8bj5qr46u738vjjldo3","status":"success","class":"success","status_code":"200","msg":"User Logging in.."} 
2016-06-02 11:41:23 - INFO  --> BannerController:getPublishBanners#{"status":"success","status_code":"200","msg":"Published Banners retrieved successfully!"} 
2016-06-02 11:42:03 - INFO  --> UserController:LoginCheck#{"login_session_id":"nqb6a7m8bj5qr46u738vjjldo3","status":"success","class":"success","status_code":"200","msg":"User Logging in.."} 
2016-06-02 11:42:03 - INFO  --> BannerController:getPublishBanners#{"status":"success","status_code":"200","msg":"Published Banners retrieved successfully!"} 
2016-06-02 12:48:35 - INFO  --> UserController:LoginCheck#{"login_session_id":"nqb6a7m8bj5qr46u738vjjldo3","status":"success","class":"success","status_code":"200","msg":"User Logging in.."} 
2016-06-02 12:48:35 - INFO  --> BannerController:getPublishBanners#{"status":"success","status_code":"200","msg":"Published Banners retrieved successfully!"} 
2016-06-02 13:16:39 - INFO  --> UserController:LoginCheck#{"login_session_id":"nqb6a7m8bj5qr46u738vjjldo3","status":"success","class":"success","status_code":"200","msg":"User Logging in.."} 
2016-06-02 13:16:40 - INFO  --> BannerController:getPublishBanners#{"status":"success","status_code":"200","msg":"Published Banners retrieved successfully!"} 
2016-06-02 13:25:48 - INFO  --> UserController:LoginCheck#{"login_session_id":"nqb6a7m8bj5qr46u738vjjldo3","status":"success","class":"success","status_code":"200","msg":"User Logging in.."} 
2016-06-02 13:25:49 - INFO  --> BannerController:getPublishBanners#{"status":"success","status_code":"200","msg":"Published Banners retrieved successfully!"} 
2016-06-02 13:26:04 - INFO  --> UserController:LoginCheck#{"login_session_id":"nqb6a7m8bj5qr46u738vjjldo3","status":"success","class":"success","status_code":"200","msg":"User Logging in.."} 
2016-06-02 13:26:04 - INFO  --> BannerController:getPublishBanners#{"status":"success","status_code":"200","msg":"Published Banners retrieved successfully!"} 
2016-06-02 13:35:18 - INFO  --> UserController:LoginCheck#{"login_session_id":"nqb6a7m8bj5qr46u738vjjldo3","status":"success","class":"success","status_code":"200","msg":" User Logging in.."} 
2016-06-02 13:35:18 - INFO  --> UserController:LoginCheck#{"login_session_id":"nqb6a7m8bj5qr46u738vjjldo3","status":"success","class":"success","status_code":"200","msg":"User Logging in.."} 
2016-06-02 13:35:18 - INFO  --> ClientController:getClients#{"status":"success","status_code":"200","msg":"Clients retrieved successfully!"} 
2016-06-02 13:35:30 - INFO  --> UserController:LoginCheck#{"login_session_id":"nqb6a7m8bj5qr46u738vjjldo3","status":"success","class":"success","status_code":"200","msg":"User Logging in.."} 
2016-06-02 13:35:31 - INFO  --> BannerController:getPublishBanners#{"status":"success","status_code":"200","msg":"Published Banners retrieved successfully!"} 
2016-06-02 13:38:34 - INFO  --> UserController:LoginCheck#{"login_session_id":"nqb6a7m8bj5qr46u738vjjldo3","status":"success","class":"success","status_code":"200","msg":"User Logging in.."} 
2016-06-02 13:38:34 - INFO  --> BannerController:getPublishBanners#{"status":"success","status_code":"200","msg":"Published Banners retrieved successfully!"} 
2016-06-02 14:08:39 - INFO  --> UserController:LoginCheck#{"login_session_id":"nqb6a7m8bj5qr46u738vjjldo3","status":"success","class":"success","status_code":"200","msg":"User Logging in.."} 
2016-06-02 14:08:39 - INFO  --> BannerController:getPublishBanners#{"status":"success","status_code":"200","msg":"Published Banners retrieved successfully!"} 
2016-06-02 14:10:29 - INFO  --> UserController:LoginCheck#{"login_session_id":"nqb6a7m8bj5qr46u738vjjldo3","status":"success","class":"success","status_code":"200","msg":"User Logging in.."} 
2016-06-02 14:10:30 - INFO  --> BannerController:getPublishBanners#{"status":"success","status_code":"200","msg":"Published Banners retrieved successfully!"} 
2016-06-02 14:26:51 - INFO  --> UserController:LoginCheck#{"login_session_id":"nqb6a7m8bj5qr46u738vjjldo3","status":"success","class":"success","status_code":"200","msg":"User Logging in.."} 
2016-06-02 14:26:52 - INFO  --> BannerController:getPublishBanners#{"status":"success","status_code":"200","msg":"Published Banners retrieved successfully!"} 
2016-06-02 14:27:36 - INFO  --> UserController:LoginCheck#{"login_session_id":"nqb6a7m8bj5qr46u738vjjldo3","status":"success","class":"success","status_code":"200","msg":"User Logging in.."} 
2016-06-02 14:27:36 - INFO  --> BannerController:getPublishBanners#{"status":"success","status_code":"200","msg":"Published Banners retrieved successfully!"} 
2016-06-02 14:28:37 - INFO  --> UserController:LoginCheck#{"login_session_id":"nqb6a7m8bj5qr46u738vjjldo3","status":"success","class":"success","status_code":"200","msg":"User Logging in.."} 
2016-06-02 14:28:37 - INFO  --> BannerController:getPublishBanners#{"status":"success","status_code":"200","msg":"Published Banners retrieved successfully!"} 
2016-06-02 14:33:45 - INFO  --> UserController:LoginCheck#{"login_session_id":"nqb6a7m8bj5qr46u738vjjldo3","status":"success","class":"success","status_code":"200","msg":"User Logging in.."} 
2016-06-02 14:33:46 - INFO  --> BannerController:getPublishBanners#{"status":"success","status_code":"200","msg":"Published Banners retrieved successfully!"} 
2016-06-02 14:34:28 - INFO  --> UserController:LoginCheck#{"login_session_id":"nqb6a7m8bj5qr46u738vjjldo3","status":"success","class":"success","status_code":"200","msg":"User Logging in.."} 
2016-06-02 14:34:29 - INFO  --> BannerController:getPublishBanners#{"status":"success","status_code":"200","msg":"Published Banners retrieved successfully!"} 
2016-06-02 14:35:29 - INFO  --> UserController:LoginCheck#{"login_session_id":"nqb6a7m8bj5qr46u738vjjldo3","status":"success","class":"success","status_code":"200","msg":"User Logging in.."} 
2016-06-02 14:35:30 - INFO  --> BannerController:getPublishBanners#{"status":"success","status_code":"200","msg":"Published Banners retrieved successfully!"} 
2016-06-02 14:36:22 - INFO  --> UserController:LoginCheck#{"login_session_id":"nqb6a7m8bj5qr46u738vjjldo3","status":"success","class":"success","status_code":"200","msg":" User Logging in.."} 
2016-06-02 14:36:22 - INFO  --> UserController:LoginCheck#{"login_session_id":"nqb6a7m8bj5qr46u738vjjldo3","status":"success","class":"success","status_code":"200","msg":"User Logging in.."} 
2016-06-02 14:36:23 - INFO  --> ClientController:getClients#{"status":"success","status_code":"200","msg":"Clients retrieved successfully!"} 
2016-06-02 14:36:29 - INFO  --> UserController:LoginCheck#{"login_session_id":"nqb6a7m8bj5qr46u738vjjldo3","status":"success","class":"success","status_code":"200","msg":"User Logging in.."} 
2016-06-02 14:36:30 - INFO  --> BannerController:getPublishBanners#{"status":"success","status_code":"200","msg":"Published Banners retrieved successfully!"} 
2016-06-02 14:36:39 - INFO  --> UserController:LoginCheck#{"login_session_id":"nqb6a7m8bj5qr46u738vjjldo3","status":"success","class":"success","status_code":"200","msg":"User Logging in.."} 
2016-06-02 14:36:39 - INFO  --> BannerController:getPublishBanners#{"status":"success","status_code":"200","msg":"Published Banners retrieved successfully!"} 
2016-06-02 14:37:45 - INFO  --> UserController:LoginCheck#{"login_session_id":"nqb6a7m8bj5qr46u738vjjldo3","status":"success","class":"success","status_code":"200","msg":"User Logging in.."} 
2016-06-02 14:38:20 - INFO  --> UserController:LoginCheck#{"login_session_id":"nqb6a7m8bj5qr46u738vjjldo3","status":"success","class":"success","status_code":"200","msg":"User Logging in.."} 
2016-06-02 14:47:11 - INFO  --> UserController:LoginCheck#{"login_session_id":"nqb6a7m8bj5qr46u738vjjldo3","status":"success","class":"success","status_code":"200","msg":"User Logging in.."} 
2016-06-02 15:46:44 - INFO  --> UserController:LoginCheck#{"login_session_id":"nqb6a7m8bj5qr46u738vjjldo3","status":"success","class":"success","status_code":"200","msg":"User Logging in.."} 
2016-06-02 15:52:00 - INFO  --> UserController:LoginCheck#{"login_session_id":"nqb6a7m8bj5qr46u738vjjldo3","status":"success","class":"success","status_code":"200","msg":"User Logging in.."} 
2016-06-02 16:00:27 - INFO  --> UserController:LoginCheck#{"login_session_id":"nqb6a7m8bj5qr46u738vjjldo3","status":"success","class":"success","status_code":"200","msg":"User Logging in.."} 
2016-06-02 16:01:54 - INFO  --> UserController:LoginCheck#{"login_session_id":"nqb6a7m8bj5qr46u738vjjldo3","status":"success","class":"success","status_code":"200","msg":"User Logging in.."} 
2016-06-02 16:05:21 - INFO  --> UserController:LoginCheck#{"login_session_id":"nqb6a7m8bj5qr46u738vjjldo3","status":"success","class":"success","status_code":"200","msg":"User Logging in.."} 
2016-06-02 16:28:43 - INFO  --> UserController:LoginCheck#{"login_session_id":"nqb6a7m8bj5qr46u738vjjldo3","status":"success","class":"success","status_code":"200","msg":"User Logging in.."} 
2016-06-02 16:38:49 - INFO  --> UserController:LoginCheck#{"login_session_id":"nqb6a7m8bj5qr46u738vjjldo3","status":"success","class":"success","status_code":"200","msg":"User Logging in.."} 
2016-06-02 16:38:49 - INFO  --> BannerController:getCircleList#{"status":"success","status_code":"200","msg":"Found data successfully."} 
2016-06-02 16:38:49 - INFO  --> BannerController:getOperatorsList#{"status":"success","status_code":"200","msg":"Found data successfully."} 
2016-06-02 16:38:49 - INFO  --> BannerController:getHandsetGroup#{"status":"success","status_code":"200","msg":"Found data successfully."} 
2016-06-02 16:38:49 - INFO  --> BannerController:getOperatingSystemList#{"status":"success","status_code":"200","msg":"Found data successfully."} 
2016-06-02 16:38:49 - INFO  --> BannerController:getOperatingSystemList#{"status":"success","status_code":"200","msg":"Found data successfully."} 
2016-06-02 16:38:49 - INFO  --> BannerController:getHandsetList#{"status":"success","status_code":"200","msg":"Found data successfully."} 
2016-06-02 16:38:49 - INFO  --> BannerController:findOne#{"status":"success","status_code":"200","msg":"Banner info retrieved successfully!"} 
2016-06-02 16:38:50 - INFO  --> CampaignController:getDeliveryChannel#{"status":"success","status_code":"200","msg":"Delivery Channel retrieved successfully!"} 
2016-06-02 16:38:50 - INFO  --> CampaignController:getCampaignsByClient#{"status":"success","status_code":"200","msg":"Campaigns By Client retrieved successfully!"} 
2016-06-02 16:50:00 - INFO  --> UserController:LoginCheck#{"login_session_id":"nqb6a7m8bj5qr46u738vjjldo3","status":"success","class":"success","status_code":"200","msg":"User Logging in.."} 
2016-06-02 18:01:28 - INFO  --> UserController:LoginCheck#{"login_session_id":"nqb6a7m8bj5qr46u738vjjldo3","status":"success","class":"success","status_code":"200","msg":"User Logging in.."} 
2016-06-02 18:27:55 - INFO  --> UserController:LoginCheck#{"login_session_id":"nqb6a7m8bj5qr46u738vjjldo3","status":"success","class":"success","status_code":"200","msg":"User Logging in.."} 
