2016-06-21 12:41:05 - INFO  --> UserController:login#{"status":"success","status_code":"200","msg":"banneradmin Logging in successfully!"} 
2016-06-21 12:41:06 - INFO  --> UserController:LoginCheck#{"login_session_id":"tkcn0tgb36gd61gvp0jl59oqu0","status":"success","class":"success","status_code":"200","msg":"User Logging in.."} 
2016-06-21 12:41:10 - INFO  --> UserController:LoginCheck#{"login_session_id":"tkcn0tgb36gd61gvp0jl59oqu0","status":"success","class":"success","status_code":"200","msg":"User Logging in.."} 
2016-06-21 12:41:10 - INFO  --> UserController:findAll#{"status":"success","status_code":"200","msg":"Records found successfully!"} 
2016-06-21 12:42:08 - INFO  --> UserController:Logout#{"status":"success","status_code":"200","msg":" User logout successfully.."} 
2016-06-21 12:42:12 - INFO  --> UserController:login#{"status":"success","status_code":"200","msg":"banneradmin Logging in successfully!"} 
2016-06-21 12:42:12 - INFO  --> UserController:LoginCheck#{"login_session_id":"tkcn0tgb36gd61gvp0jl59oqu0","status":"success","class":"success","status_code":"200","msg":"User Logging in.."} 
2016-06-21 12:42:14 - INFO  --> UserController:LoginCheck#{"login_session_id":"tkcn0tgb36gd61gvp0jl59oqu0","status":"success","class":"success","status_code":"200","msg":"User Logging in.."} 
2016-06-21 12:42:14 - INFO  --> UserController:findAll#{"status":"success","status_code":"200","msg":"Records found successfully!"} 
2016-06-21 12:42:53 - INFO  --> UserController:LoginCheck#{"login_session_id":"tkcn0tgb36gd61gvp0jl59oqu0","status":"success","class":"success","status_code":"200","msg":"User Logging in.."} 
2016-06-21 12:42:54 - INFO  --> UserController:findAll#{"status":"success","status_code":"200","msg":"Records found successfully!"} 
2016-06-21 12:42:56 - INFO  --> UserController:findBy#{"status":"error","status_code":"400","msg":"Record found successfully!"} 
2016-06-21 12:43:01 - INFO  --> UserController:SaveAccountManager#{"status":"success","status_code":"200","msg":"Account manager updated successfully"} 
2016-06-21 12:43:05 - INFO  --> UserController:findAll#{"status":"success","status_code":"200","msg":"Records found successfully!"} 
2016-06-21 12:44:15 - INFO  --> UserController:findBy#{"status":"error","status_code":"400","msg":"Record found successfully!"} 
2016-06-21 12:45:31 - INFO  --> UserController:findBy#{"status":"error","status_code":"400","msg":"Record found successfully!"} 
2016-06-21 12:46:33 - INFO  --> UserController:findBy#{"status":"error","status_code":"400","msg":"Record found successfully!"} 
2016-06-21 12:48:40 - INFO  --> UserController:findBy#{"status":"error","status_code":"400","msg":"Record found successfully!"} 
2016-06-21 12:49:02 - INFO  --> UserController:findBy#{"status":"error","status_code":"400","msg":"Record found successfully!"} 
2016-06-21 12:49:05 - INFO  --> UserController:SaveAccountManager#{"status":"success","status_code":"200","msg":"Account manager updated successfully"} 
2016-06-21 12:49:10 - INFO  --> UserController:findAll#{"status":"success","status_code":"200","msg":"Records found successfully!"} 
2016-06-21 13:07:20 - INFO  --> UserController:findBy#{"status":"error","status_code":"400","msg":"Record found successfully!"} 
2016-06-21 13:07:24 - INFO  --> UserController:SaveAccountManager#{"status":"success","status_code":"200","msg":"Account manager updated successfully"} 
2016-06-21 13:07:28 - INFO  --> UserController:findAll#{"status":"success","status_code":"200","msg":"Records found successfully!"} 
